
Aug 13, 2024 15:03:31.17 NEW SESSION
Aug 13, 2024 15:03:31.17 Created TensorFlow Lite XNNPACK delegate for CPU.
Aug 13, 2024 15:03:31.17 Attempting to use a delegate that only supports static-sized tensors with a graph that has dynamic-sized tensors (tensor#141 is a dynamic-sized tensor).
Aug 13, 2024 15:04:07.41 [3820:17324:0813/150407.413:ERROR:connection_factory_impl.cc(434)] Failed to connect to MCS endpoint with error -7

Sep 03, 2024 12:53:48.67 NEW SESSION
Sep 03, 2024 12:53:48.67 Created TensorFlow Lite XNNPACK delegate for CPU.
Sep 03, 2024 12:53:48.67 Attempting to use a delegate that only supports static-sized tensors with a graph that has dynamic-sized tensors (tensor#141 is a dynamic-sized tensor).
Sep 03, 2024 12:54:19.19 [8772:14836:0903/125419.199:ERROR:account_info_fetcher.cc(62)] OnGetTokenFailure: Connection failed (-106).
Sep 03, 2024 12:55:39.59 Created TensorFlow Lite XNNPACK delegate for CPU.
Sep 03, 2024 12:55:39.59 Attempting to use a delegate that only supports static-sized tensors with a graph that has dynamic-sized tensors (tensor#141 is a dynamic-sized tensor).
Sep 03, 2024 13:44:31.75 [10056:11304:0903/134431.757:ERROR:connection_factory_impl.cc(434)] Failed to connect to MCS endpoint with error -105
Sep 03, 2024 13:44:34.83 [10056:11304:0903/134434.837:ERROR:connection_factory_impl.cc(434)] Failed to connect to MCS endpoint with error -105
Sep 03, 2024 13:45:01.27 [10056:11304:0903/134501.277:ERROR:connection_factory_impl.cc(434)] Failed to connect to MCS endpoint with error -105

Sep 03, 2024 22:19:37.71 NEW SESSION
Sep 03, 2024 22:19:37.71 Created TensorFlow Lite XNNPACK delegate for CPU.
Sep 03, 2024 22:19:37.77 Attempting to use a delegate that only supports static-sized tensors with a graph that has dynamic-sized tensors (tensor#141 is a dynamic-sized tensor).
Sep 03, 2024 22:32:54.94 Created TensorFlow Lite XNNPACK delegate for CPU.
Sep 03, 2024 22:32:54.94 Attempting to use a delegate that only supports static-sized tensors with a graph that has dynamic-sized tensors (tensor#141 is a dynamic-sized tensor).
Sep 03, 2024 22:40:14.47 Created TensorFlow Lite XNNPACK delegate for CPU.
Sep 03, 2024 22:40:14.48 Attempting to use a delegate that only supports static-sized tensors with a graph that has dynamic-sized tensors (tensor#141 is a dynamic-sized tensor).
Sep 03, 2024 22:45:22.87 [17384:2264:0903/224522.870:ERROR:connection_factory_impl.cc(483)] ConnectionHandler failed with net error: -2
Sep 03, 2024 23:15:52.87 [17384:2264:0903/231552.873:ERROR:connection_factory_impl.cc(483)] ConnectionHandler failed with net error: -2
Sep 03, 2024 23:20:50.65 [17384:2264:0903/232050.621:ERROR:connection_factory_impl.cc(434)] Failed to connect to MCS endpoint with error -7
Sep 03, 2024 23:41:57.88 [17384:2264:0903/234157.886:ERROR:connection_factory_impl.cc(483)] ConnectionHandler failed with net error: -2
Sep 03, 2024 23:42:32.85 [17384:2264:0903/234232.853:ERROR:connection_factory_impl.cc(483)] ConnectionHandler failed with net error: -2
Sep 04, 2024 24:24:33.70 [17384:2264:0904/002433.705:ERROR:connection_factory_impl.cc(434)] Failed to connect to MCS endpoint with error -106

Sep 04, 2024 12:42:50.99 NEW SESSION
Sep 04, 2024 12:42:50.99 Created TensorFlow Lite XNNPACK delegate for CPU.
Sep 04, 2024 12:42:51.01 Attempting to use a delegate that only supports static-sized tensors with a graph that has dynamic-sized tensors (tensor#141 is a dynamic-sized tensor).
Sep 04, 2024 12:47:45.64 Created TensorFlow Lite XNNPACK delegate for CPU.
Sep 04, 2024 12:47:45.64 Attempting to use a delegate that only supports static-sized tensors with a graph that has dynamic-sized tensors (tensor#141 is a dynamic-sized tensor).
Sep 04, 2024 13:57:39.02 [13704:18052:0904/135739.021:ERROR:connection_factory_impl.cc(483)] ConnectionHandler failed with net error: -2
Sep 04, 2024 13:57:40.31 [13704:18052:0904/135740.313:ERROR:connection_factory_impl.cc(483)] ConnectionHandler failed with net error: -2

Sep 06, 2024 16:51:22.63 NEW SESSION
Sep 06, 2024 16:51:22.63 Created TensorFlow Lite XNNPACK delegate for CPU.
Sep 06, 2024 16:51:22.63 Attempting to use a delegate that only supports static-sized tensors with a graph that has dynamic-sized tensors (tensor#141 is a dynamic-sized tensor).

Sep 10, 2024 22:01:33.57 NEW SESSION
Sep 10, 2024 22:01:33.57 Created TensorFlow Lite XNNPACK delegate for CPU.
Sep 10, 2024 22:01:36.54 Attempting to use a delegate that only supports static-sized tensors with a graph that has dynamic-sized tensors (tensor#58 is a dynamic-sized tensor).
Sep 10, 2024 22:05:15.57 [10448:960:0910/220515.575:ERROR:connection_factory_impl.cc(483)] ConnectionHandler failed with net error: -2
Sep 10, 2024 22:30:21.02 [10448:960:0910/223021.025:ERROR:connection_factory_impl.cc(483)] ConnectionHandler failed with net error: -2
Sep 10, 2024 23:03:09.46 [10448:960:0910/230309.468:ERROR:connection_factory_impl.cc(483)] ConnectionHandler failed with net error: -2
Sep 10, 2024 23:03:42.09 [10448:960:0910/230342.097:ERROR:connection_factory_impl.cc(434)] Failed to connect to MCS endpoint with error -7
Sep 10, 2024 23:04:38.37 [10448:960:0910/230438.378:ERROR:connection_factory_impl.cc(434)] Failed to connect to MCS endpoint with error -7
Sep 10, 2024 23:05:52.92 [10448:960:0910/230552.924:ERROR:connection_factory_impl.cc(434)] Failed to connect to MCS endpoint with error -7
Sep 10, 2024 23:36:45.89 [10448:960:0910/233645.897:ERROR:connection_factory_impl.cc(483)] ConnectionHandler failed with net error: -2
Sep 10, 2024 23:54:23.55 [10448:960:0910/235423.553:ERROR:connection_factory_impl.cc(483)] ConnectionHandler failed with net error: -2
Sep 10, 2024 23:56:00.80 [10448:960:0910/235600.800:ERROR:connection_factory_impl.cc(434)] Failed to connect to MCS endpoint with error -7

Sep 11, 2024 14:45:00.07 NEW SESSION
Sep 11, 2024 14:45:00.07 Created TensorFlow Lite XNNPACK delegate for CPU.
Sep 11, 2024 14:45:00.13 Attempting to use a delegate that only supports static-sized tensors with a graph that has dynamic-sized tensors (tensor#141 is a dynamic-sized tensor).

Sep 12, 2024 13:21:35.55 NEW SESSION
Sep 12, 2024 13:21:35.55 Created TensorFlow Lite XNNPACK delegate for CPU.
Sep 12, 2024 13:21:35.55 Attempting to use a delegate that only supports static-sized tensors with a graph that has dynamic-sized tensors (tensor#141 is a dynamic-sized tensor).

Sep 12, 2024 13:55:05.07 NEW SESSION
Sep 12, 2024 13:55:05.07 Created TensorFlow Lite XNNPACK delegate for CPU.
Sep 12, 2024 13:55:05.07 Attempting to use a delegate that only supports static-sized tensors with a graph that has dynamic-sized tensors (tensor#141 is a dynamic-sized tensor).
Sep 12, 2024 13:59:35.55 Created TensorFlow Lite XNNPACK delegate for CPU.
Sep 12, 2024 13:59:35.55 Attempting to use a delegate that only supports static-sized tensors with a graph that has dynamic-sized tensors (tensor#141 is a dynamic-sized tensor).

Sep 12, 2024 22:21:15.85 NEW SESSION
Sep 12, 2024 22:21:15.85 Created TensorFlow Lite XNNPACK delegate for CPU.
Sep 12, 2024 22:21:15.87 Attempting to use a delegate that only supports static-sized tensors with a graph that has dynamic-sized tensors (tensor#141 is a dynamic-sized tensor).
Sep 13, 2024 01:11:41.14 Created TensorFlow Lite XNNPACK delegate for CPU.
Sep 13, 2024 01:11:41.18 Attempting to use a delegate that only supports static-sized tensors with a graph that has dynamic-sized tensors (tensor#141 is a dynamic-sized tensor).

Sep 13, 2024 12:17:38.96 NEW SESSION
Sep 13, 2024 12:17:38.96 Created TensorFlow Lite XNNPACK delegate for CPU.
Sep 13, 2024 12:17:38.99 Attempting to use a delegate that only supports static-sized tensors with a graph that has dynamic-sized tensors (tensor#141 is a dynamic-sized tensor).
Sep 13, 2024 12:20:44.93 [13704:15120:0913/122044.932:ERROR:connection_factory_impl.cc(483)] ConnectionHandler failed with net error: -2
Sep 13, 2024 12:26:38.06 [13704:15120:0913/122638.000:ERROR:connection_factory_impl.cc(434)] Failed to connect to MCS endpoint with error -7
Sep 13, 2024 12:30:08.43 [13704:15120:0913/123008.431:ERROR:connection_factory_impl.cc(483)] ConnectionHandler failed with net error: -2
Sep 13, 2024 12:31:07.38 [13704:15120:0913/123107.381:ERROR:connection_factory_impl.cc(434)] Failed to connect to MCS endpoint with error -109
Sep 13, 2024 12:41:38.37 [13704:15120:0913/124138.370:ERROR:connection_factory_impl.cc(483)] ConnectionHandler failed with net error: -2
Sep 13, 2024 12:43:44.71 [13704:15120:0913/124344.716:ERROR:connection_factory_impl.cc(434)] Failed to connect to MCS endpoint with error -109
Sep 13, 2024 12:50:27.58 [13704:15120:0913/125027.579:ERROR:connection_factory_impl.cc(483)] ConnectionHandler failed with net error: -2
Sep 13, 2024 12:54:33.20 [13704:15120:0913/125433.204:ERROR:connection_factory_impl.cc(434)] Failed to connect to MCS endpoint with error -109
Sep 13, 2024 13:05:46.04 [13704:15120:0913/130546.040:ERROR:connection_factory_impl.cc(483)] ConnectionHandler failed with net error: -2
Sep 13, 2024 13:36:12.38 [13704:15120:0913/133612.382:ERROR:connection_factory_impl.cc(483)] ConnectionHandler failed with net error: -2
Sep 13, 2024 14:40:33.25 [13704:15120:0913/144033.251:ERROR:connection_factory_impl.cc(434)] Failed to connect to MCS endpoint with error -109

Sep 14, 2024 13:35:28.61 NEW SESSION
Sep 14, 2024 13:35:28.61 Created TensorFlow Lite XNNPACK delegate for CPU.
Sep 14, 2024 13:35:28.64 Attempting to use a delegate that only supports static-sized tensors with a graph that has dynamic-sized tensors (tensor#141 is a dynamic-sized tensor).
Sep 14, 2024 13:56:33.75 [15732:16556:0914/135633.755:ERROR:connection_factory_impl.cc(483)] ConnectionHandler failed with net error: -2
Sep 14, 2024 13:56:34.79 [15732:16556:0914/135634.792:ERROR:connection_factory_impl.cc(483)] ConnectionHandler failed with net error: -2
Sep 14, 2024 14:05:03.61 [15732:16556:0914/140503.608:ERROR:connection_factory_impl.cc(483)] ConnectionHandler failed with net error: -2
Sep 14, 2024 14:20:37.20 [15732:16556:0914/142037.200:ERROR:connection_factory_impl.cc(483)] ConnectionHandler failed with net error: -2
Sep 14, 2024 14:52:59.45 [15732:16556:0914/145259.454:ERROR:connection_factory_impl.cc(483)] ConnectionHandler failed with net error: -2

Sep 16, 2024 22:15:47.19 NEW SESSION
Sep 16, 2024 22:15:47.19 Created TensorFlow Lite XNNPACK delegate for CPU.
Sep 16, 2024 22:15:47.19 Attempting to use a delegate that only supports static-sized tensors with a graph that has dynamic-sized tensors (tensor#141 is a dynamic-sized tensor).

Sep 17, 2024 13:10:36.39 NEW SESSION
Sep 17, 2024 13:10:36.39 Created TensorFlow Lite XNNPACK delegate for CPU.
Sep 17, 2024 13:10:36.42 Attempting to use a delegate that only supports static-sized tensors with a graph that has dynamic-sized tensors (tensor#141 is a dynamic-sized tensor).
Sep 17, 2024 13:14:12.86 [16316:8424:0917/131412.868:ERROR:connection_factory_impl.cc(483)] ConnectionHandler failed with net error: -2
Sep 17, 2024 13:29:14.25 [16316:8424:0917/132914.253:ERROR:connection_factory_impl.cc(434)] Failed to connect to MCS endpoint with error -105
Sep 17, 2024 13:31:46.47 [16316:8424:0917/133146.478:ERROR:connection_factory_impl.cc(483)] ConnectionHandler failed with net error: -2
Sep 17, 2024 13:40:32.81 [16316:8424:0917/134032.818:ERROR:connection_factory_impl.cc(434)] Failed to connect to MCS endpoint with error -7
Sep 17, 2024 13:40:33.39 [16316:3392:0917/134033.398:ERROR:device_event_log_impl.cc(196)] [13:40:33.335] USB: usb_service_win.cc:105 SetupDiGetDeviceProperty({{A45C254E-DF1C-4EFD-8020-67D146A850E0}, 6}) failed: Element not found. (0x490)
Sep 17, 2024 13:49:00.64 [16316:8424:0917/134900.641:ERROR:connection_factory_impl.cc(483)] ConnectionHandler failed with net error: -2
Sep 17, 2024 13:53:53.59 [16316:8424:0917/135353.591:ERROR:connection_factory_impl.cc(434)] Failed to connect to MCS endpoint with error -118
Sep 17, 2024 13:57:53.81 [16316:8424:0917/135753.812:ERROR:connection_factory_impl.cc(483)] ConnectionHandler failed with net error: -2
Sep 17, 2024 13:58:07.89 [16316:8424:0917/135807.892:ERROR:connection_factory_impl.cc(434)] Failed to connect to MCS endpoint with error -109
Sep 17, 2024 14:10:23.84 [16316:8424:0917/141023.838:ERROR:connection_factory_impl.cc(483)] ConnectionHandler failed with net error: -2
Sep 17, 2024 14:15:36.47 [16316:8424:0917/141536.479:ERROR:connection_factory_impl.cc(434)] Failed to connect to MCS endpoint with error -7
Sep 17, 2024 14:28:38.01 [16316:8424:0917/142838.017:ERROR:connection_factory_impl.cc(483)] ConnectionHandler failed with net error: -2
Sep 17, 2024 14:29:15.51 [16316:8424:0917/142915.510:ERROR:connection_factory_impl.cc(434)] Failed to connect to MCS endpoint with error -109

Sep 21, 2024 13:34:30.38 NEW SESSION
Sep 21, 2024 13:34:30.38 Created TensorFlow Lite XNNPACK delegate for CPU.
Sep 21, 2024 13:34:30.38 Attempting to use a delegate that only supports static-sized tensors with a graph that has dynamic-sized tensors (tensor#141 is a dynamic-sized tensor).
Sep 21, 2024 14:00:32.25 [12380:12144:0921/140032.259:ERROR:connection_factory_impl.cc(483)] ConnectionHandler failed with net error: -2
Sep 21, 2024 14:21:09.94 [12380:12144:0921/142109.942:ERROR:connection_factory_impl.cc(483)] ConnectionHandler failed with net error: -2

Sep 21, 2024 14:29:58.58 NEW SESSION
Sep 21, 2024 14:29:58.58 Created TensorFlow Lite XNNPACK delegate for CPU.
Sep 21, 2024 14:29:58.58 Attempting to use a delegate that only supports static-sized tensors with a graph that has dynamic-sized tensors (tensor#141 is a dynamic-sized tensor).
Sep 21, 2024 14:34:01.17 [5420:15948:0921/143401.169:ERROR:connection_factory_impl.cc(483)] ConnectionHandler failed with net error: -2
Sep 21, 2024 14:34:40.93 [5420:15948:0921/143440.938:ERROR:connection_factory_impl.cc(434)] Failed to connect to MCS endpoint with error -109

Sep 23, 2024 24:35:16.28 NEW SESSION
Sep 23, 2024 24:35:16.28 Created TensorFlow Lite XNNPACK delegate for CPU.
Sep 23, 2024 24:35:16.28 Attempting to use a delegate that only supports static-sized tensors with a graph that has dynamic-sized tensors (tensor#141 is a dynamic-sized tensor).
Sep 23, 2024 24:35:47.01 [6912:9336:0923/003547.017:ERROR:account_info_fetcher.cc(62)] OnGetTokenFailure: Connection failed (-106).

Sep 23, 2024 24:58:30.64 NEW SESSION
Sep 23, 2024 24:58:30.64 Created TensorFlow Lite XNNPACK delegate for CPU.
Sep 23, 2024 24:58:30.64 Attempting to use a delegate that only supports static-sized tensors with a graph that has dynamic-sized tensors (tensor#141 is a dynamic-sized tensor).

Sep 23, 2024 14:25:59.60 NEW SESSION
Sep 23, 2024 14:25:59.60 Created TensorFlow Lite XNNPACK delegate for CPU.
Sep 23, 2024 14:25:59.61 Attempting to use a delegate that only supports static-sized tensors with a graph that has dynamic-sized tensors (tensor#141 is a dynamic-sized tensor).
Sep 23, 2024 14:40:30.18 [8400:8352:0923/144030.180:ERROR:connection_factory_impl.cc(483)] ConnectionHandler failed with net error: -2
Sep 23, 2024 14:40:31.35 [8400:18536:0923/144031.356:ERROR:device_event_log_impl.cc(196)] [14:40:31.355] USB: usb_service_win.cc:105 SetupDiGetDeviceProperty({{A45C254E-DF1C-4EFD-8020-67D146A850E0}, 6}) failed: Element not found. (0x490)
Sep 23, 2024 14:40:32.21 [8400:8352:0923/144032.214:ERROR:connection_factory_impl.cc(434)] Failed to connect to MCS endpoint with error -105
Sep 23, 2024 14:54:06.43 [8400:8352:0923/145406.432:ERROR:connection_factory_impl.cc(483)] ConnectionHandler failed with net error: -2
Sep 23, 2024 15:06:22.60 [8400:8352:0923/150622.606:ERROR:connection_factory_impl.cc(483)] ConnectionHandler failed with net error: -2

Sep 25, 2024 12:20:50.17 NEW SESSION
Sep 25, 2024 12:20:50.17 Created TensorFlow Lite XNNPACK delegate for CPU.
Sep 25, 2024 12:20:50.17 Attempting to use a delegate that only supports static-sized tensors with a graph that has dynamic-sized tensors (tensor#141 is a dynamic-sized tensor).
Sep 25, 2024 12:33:44.06 [12364:11820:0925/123344.064:ERROR:connection_factory_impl.cc(483)] ConnectionHandler failed with net error: -2
Sep 25, 2024 12:42:44.07 [12364:11820:0925/124244.070:ERROR:connection_factory_impl.cc(483)] ConnectionHandler failed with net error: -2
Sep 25, 2024 12:55:44.36 [12364:11820:0925/125544.362:ERROR:connection_factory_impl.cc(483)] ConnectionHandler failed with net error: -2
Sep 25, 2024 13:13:14.06 [12364:11820:0925/131314.064:ERROR:connection_factory_impl.cc(483)] ConnectionHandler failed with net error: -2
Sep 25, 2024 13:13:25.58 [12364:11820:0925/131325.580:ERROR:connection_factory_impl.cc(434)] Failed to connect to MCS endpoint with error -109
Sep 25, 2024 13:16:44.05 [12364:11820:0925/131644.051:ERROR:connection_factory_impl.cc(483)] ConnectionHandler failed with net error: -2
Sep 25, 2024 13:17:03.47 [12364:11820:0925/131703.472:ERROR:connection_factory_impl.cc(434)] Failed to connect to MCS endpoint with error -109
Sep 25, 2024 13:20:44.04 [12364:11820:0925/132044.044:ERROR:connection_factory_impl.cc(483)] ConnectionHandler failed with net error: -2
Sep 25, 2024 13:22:12.28 [12364:11820:0925/132212.283:ERROR:connection_factory_impl.cc(434)] Failed to connect to MCS endpoint with error -109
Sep 25, 2024 13:34:55.20 [12364:11820:0925/133455.205:ERROR:connection_factory_impl.cc(483)] ConnectionHandler failed with net error: -2
Sep 25, 2024 13:41:02.67 [12364:11820:0925/134102.679:ERROR:connection_factory_impl.cc(434)] Failed to connect to MCS endpoint with error -109
Sep 25, 2024 13:49:03.06 [12364:11820:0925/134903.060:ERROR:connection_factory_impl.cc(483)] ConnectionHandler failed with net error: -2
Sep 25, 2024 13:55:30.75 [12364:11820:0925/135530.752:ERROR:connection_factory_impl.cc(483)] ConnectionHandler failed with net error: -2
Sep 25, 2024 13:56:56.69 [12364:11820:0925/135656.698:ERROR:connection_factory_impl.cc(434)] Failed to connect to MCS endpoint with error -105
Sep 25, 2024 13:56:59.74 [12364:11820:0925/135659.748:ERROR:connection_factory_impl.cc(434)] Failed to connect to MCS endpoint with error -105
Sep 25, 2024 13:57:28.44 [12364:11820:0925/135728.447:ERROR:connection_factory_impl.cc(434)] Failed to connect to MCS endpoint with error -105
Sep 25, 2024 13:58:25.88 [12364:11820:0925/135825.880:ERROR:connection_factory_impl.cc(434)] Failed to connect to MCS endpoint with error -105
Sep 25, 2024 14:02:00.80 [12364:11820:0925/140200.798:ERROR:connection_factory_impl.cc(483)] ConnectionHandler failed with net error: -2
Sep 25, 2024 14:08:59.60 [12364:11820:0925/140859.609:ERROR:connection_factory_impl.cc(434)] Failed to connect to MCS endpoint with error -109
Sep 25, 2024 14:12:32.46 [12364:11820:0925/141232.466:ERROR:connection_factory_impl.cc(483)] ConnectionHandler failed with net error: -2
Sep 25, 2024 14:23:04.15 [12364:11820:0925/142304.154:ERROR:connection_factory_impl.cc(434)] Failed to connect to MCS endpoint with error -109

Sep 25, 2024 14:36:09.40 NEW SESSION
Sep 25, 2024 14:36:09.40 Created TensorFlow Lite XNNPACK delegate for CPU.
Sep 25, 2024 14:36:09.41 Attempting to use a delegate that only supports static-sized tensors with a graph that has dynamic-sized tensors (tensor#141 is a dynamic-sized tensor).
Sep 25, 2024 14:55:32.05 [18512:5408:0925/145532.051:ERROR:connection_factory_impl.cc(483)] ConnectionHandler failed with net error: -2
Sep 25, 2024 15:08:11.13 [18512:5408:0925/150811.131:ERROR:connection_factory_impl.cc(434)] Failed to connect to MCS endpoint with error -105
Sep 25, 2024 15:08:14.17 [18512:5408:0925/150814.178:ERROR:connection_factory_impl.cc(434)] Failed to connect to MCS endpoint with error -105
Sep 25, 2024 15:08:45.64 [18512:5408:0925/150845.646:ERROR:connection_factory_impl.cc(434)] Failed to connect to MCS endpoint with error -105
Sep 25, 2024 15:09:17.75 [18512:5408:0925/150917.754:ERROR:connection_factory_impl.cc(434)] Failed to connect to MCS endpoint with error -105

Sep 27, 2024 13:06:42.20 NEW SESSION
Sep 27, 2024 13:06:42.20 Created TensorFlow Lite XNNPACK delegate for CPU.
Sep 27, 2024 13:06:42.20 Attempting to use a delegate that only supports static-sized tensors with a graph that has dynamic-sized tensors (tensor#141 is a dynamic-sized tensor).
Sep 27, 2024 13:23:29.54 [13828:17060:0927/132329.540:ERROR:connection_factory_impl.cc(483)] ConnectionHandler failed with net error: -2
Sep 27, 2024 13:23:46.16 [13828:17060:0927/132346.159:ERROR:connection_factory_impl.cc(483)] ConnectionHandler failed with net error: -2
Sep 27, 2024 13:25:58.39 [13828:17060:0927/132558.396:ERROR:connection_factory_impl.cc(434)] Failed to connect to MCS endpoint with error -106

Sep 30, 2024 24:23:53.56 NEW SESSION
Sep 30, 2024 24:23:53.56 [3524:8348:0930/002353.566:ERROR:registration_request.cc(274)] Registration URL fetching failed.
Sep 30, 2024 24:23:55.10 Created TensorFlow Lite XNNPACK delegate for CPU.
Sep 30, 2024 24:23:55.14 Attempting to use a delegate that only supports static-sized tensors with a graph that has dynamic-sized tensors (tensor#141 is a dynamic-sized tensor).
Sep 30, 2024 24:24:23.49 [3524:8348:0930/002423.490:ERROR:registration_request.cc(274)] Registration URL fetching failed.
Sep 30, 2024 24:24:24.42 [3524:7740:0930/002424.419:ERROR:account_info_fetcher.cc(62)] OnGetTokenFailure: Connection failed (-106).
Sep 30, 2024 24:25:17.88 [3524:8348:0930/002517.883:ERROR:registration_request.cc(274)] Registration URL fetching failed.
Sep 30, 2024 24:27:16.84 [3524:8348:0930/002716.843:ERROR:registration_request.cc(274)] Registration URL fetching failed.
Sep 30, 2024 24:30:51.54 [3524:8348:0930/003051.548:ERROR:registration_request.cc(274)] Registration URL fetching failed.
Sep 30, 2024 24:37:10.22 [3524:8348:0930/003710.223:ERROR:registration_request.cc(274)] Registration URL fetching failed.

Sep 30, 2024 14:05:21.52 NEW SESSION
Sep 30, 2024 14:05:21.52 Created TensorFlow Lite XNNPACK delegate for CPU.
Sep 30, 2024 14:05:21.52 Attempting to use a delegate that only supports static-sized tensors with a graph that has dynamic-sized tensors (tensor#141 is a dynamic-sized tensor).
Sep 30, 2024 14:05:21.64 [6324:15424:0930/140521.644:ERROR:registration_request.cc(291)] Registration response error message: DEPRECATED_ENDPOINT
Sep 30, 2024 14:05:47.07 [6324:15424:0930/140547.071:ERROR:registration_request.cc(291)] Registration response error message: DEPRECATED_ENDPOINT
Sep 30, 2024 14:06:46.10 [6324:15424:0930/140646.101:ERROR:registration_request.cc(291)] Registration response error message: DEPRECATED_ENDPOINT
Sep 30, 2024 14:08:40.19 [6324:15424:0930/140840.197:ERROR:registration_request.cc(291)] Registration response error message: DEPRECATED_ENDPOINT
Sep 30, 2024 14:12:02.42 [6324:15424:0930/141202.423:ERROR:registration_request.cc(291)] Registration response error message: DEPRECATED_ENDPOINT
Sep 30, 2024 14:18:29.67 [6324:15424:0930/141829.675:ERROR:registration_request.cc(291)] Registration response error message: DEPRECATED_ENDPOINT
Sep 30, 2024 14:41:13.57 [6324:15424:0930/144113.572:ERROR:connection_factory_impl.cc(483)] ConnectionHandler failed with net error: -2
Sep 30, 2024 14:42:32.57 [6324:15424:0930/144232.572:ERROR:connection_factory_impl.cc(434)] Failed to connect to MCS endpoint with error -109
Sep 30, 2024 14:45:45.49 [6324:15424:0930/144545.493:ERROR:connection_factory_impl.cc(483)] ConnectionHandler failed with net error: -2
Sep 30, 2024 14:54:35.70 [6324:15424:0930/145435.706:ERROR:connection_factory_impl.cc(434)] Failed to connect to MCS endpoint with error -7

Oct 03, 2024 12:42:55.31 NEW SESSION
Oct 03, 2024 12:42:55.31 [15592:6404:1003/124255.312:ERROR:registration_request.cc(291)] Registration response error message: DEPRECATED_ENDPOINT
Oct 03, 2024 12:42:56.01 Created TensorFlow Lite XNNPACK delegate for CPU.
Oct 03, 2024 12:42:56.02 Attempting to use a delegate that only supports static-sized tensors with a graph that has dynamic-sized tensors (tensor#141 is a dynamic-sized tensor).
Oct 03, 2024 12:43:22.93 [15592:6404:1003/124322.938:ERROR:registration_request.cc(291)] Registration response error message: DEPRECATED_ENDPOINT
Oct 03, 2024 12:44:15.58 [15592:6404:1003/124415.580:ERROR:registration_request.cc(291)] Registration response error message: DEPRECATED_ENDPOINT
Oct 03, 2024 12:45:59.66 Created TensorFlow Lite XNNPACK delegate for CPU.
Oct 03, 2024 12:45:59.66 Attempting to use a delegate that only supports static-sized tensors with a graph that has dynamic-sized tensors (tensor#141 is a dynamic-sized tensor).
Oct 03, 2024 12:46:00.52 [15340:11908:1003/124600.524:ERROR:registration_request.cc(291)] Registration response error message: DEPRECATED_ENDPOINT
Oct 03, 2024 12:46:22.52 [15340:11908:1003/124622.526:ERROR:registration_request.cc(291)] Registration response error message: DEPRECATED_ENDPOINT
Oct 03, 2024 12:47:17.24 [15340:11908:1003/124717.245:ERROR:registration_request.cc(291)] Registration response error message: DEPRECATED_ENDPOINT
Oct 03, 2024 12:49:10.49 [15340:11908:1003/124910.492:ERROR:registration_request.cc(291)] Registration response error message: DEPRECATED_ENDPOINT
Oct 03, 2024 12:51:54.82 [15340:11908:1003/125154.827:ERROR:registration_request.cc(291)] Registration response error message: DEPRECATED_ENDPOINT
Oct 03, 2024 12:58:50.14 [15340:11908:1003/125850.142:ERROR:registration_request.cc(274)] Registration URL fetching failed.
Oct 03, 2024 13:10:24.68 [15340:11908:1003/131024.678:ERROR:connection_factory_impl.cc(483)] ConnectionHandler failed with net error: -2
Oct 03, 2024 13:10:25.79 [15340:11908:1003/131025.789:ERROR:connection_factory_impl.cc(434)] Failed to connect to MCS endpoint with error -331

Oct 04, 2024 21:18:52.29 NEW SESSION
Oct 04, 2024 21:18:52.29 [18352:11088:1004/211852.292:ERROR:registration_request.cc(274)] Registration URL fetching failed.
Oct 04, 2024 21:18:54.43 Created TensorFlow Lite XNNPACK delegate for CPU.
Oct 04, 2024 21:18:54.50 Attempting to use a delegate that only supports static-sized tensors with a graph that has dynamic-sized tensors (tensor#141 is a dynamic-sized tensor).
Oct 04, 2024 21:19:15.82 [18352:11088:1004/211915.819:ERROR:registration_request.cc(274)] Registration URL fetching failed.
Oct 04, 2024 21:19:24.06 [18352:1580:1004/211924.067:ERROR:account_info_fetcher.cc(62)] OnGetTokenFailure: Connection failed (-106).
Oct 04, 2024 21:19:58.21 [18352:11088:1004/211958.209:ERROR:registration_request.cc(274)] Registration URL fetching failed.
Oct 04, 2024 21:21:28.49 [18352:11088:1004/212128.498:ERROR:registration_request.cc(274)] Registration URL fetching failed.
Oct 04, 2024 21:25:21.44 [18352:11088:1004/212521.441:ERROR:registration_request.cc(274)] Registration URL fetching failed.
Oct 04, 2024 21:31:39.78 [18352:11088:1004/213139.779:ERROR:registration_request.cc(274)] Registration URL fetching failed.

Oct 09, 2024 12:19:03.62 NEW SESSION
Oct 09, 2024 12:19:03.62 [14876:18212:1009/121903.624:ERROR:registration_request.cc(291)] Registration response error message: DEPRECATED_ENDPOINT
Oct 09, 2024 12:19:04.19 Created TensorFlow Lite XNNPACK delegate for CPU.
Oct 09, 2024 12:19:04.20 Attempting to use a delegate that only supports static-sized tensors with a graph that has dynamic-sized tensors (tensor#141 is a dynamic-sized tensor).
Oct 09, 2024 12:19:30.43 [14876:18212:1009/121930.432:ERROR:registration_request.cc(291)] Registration response error message: DEPRECATED_ENDPOINT
Oct 09, 2024 12:20:13.08 [14876:18212:1009/122013.080:ERROR:registration_request.cc(291)] Registration response error message: DEPRECATED_ENDPOINT
Oct 09, 2024 12:21:51.79 [14876:18212:1009/122151.795:ERROR:registration_request.cc(291)] Registration response error message: DEPRECATED_ENDPOINT
Oct 09, 2024 12:25:22.53 [14876:18212:1009/122522.536:ERROR:registration_request.cc(291)] Registration response error message: DEPRECATED_ENDPOINT
Oct 09, 2024 12:31:43.60 [14876:18212:1009/123143.606:ERROR:registration_request.cc(291)] Registration response error message: DEPRECATED_ENDPOINT
Oct 09, 2024 12:39:40.50 [14876:15568:1009/123940.502:ERROR:interface_endpoint_client.cc(725)] Message 1 rejected by interface blink.mojom.WidgetHost
Oct 09, 2024 12:48:24.25 [14876:18212:1009/124824.257:ERROR:connection_factory_impl.cc(483)] ConnectionHandler failed with net error: -2
Oct 09, 2024 12:53:29.31 [14876:18212:1009/125329.312:ERROR:connection_factory_impl.cc(483)] ConnectionHandler failed with net error: -2
Oct 09, 2024 12:53:30.58 [14876:18212:1009/125330.588:ERROR:connection_factory_impl.cc(483)] ConnectionHandler failed with net error: -2
Oct 09, 2024 13:33:47.12 [14876:18212:1009/133347.127:ERROR:connection_factory_impl.cc(483)] ConnectionHandler failed with net error: -2
Oct 09, 2024 13:33:59.06 [14876:18212:1009/133359.058:ERROR:connection_factory_impl.cc(483)] ConnectionHandler failed with net error: -2
Oct 09, 2024 14:10:03.69 [14876:18212:1009/141003.693:ERROR:connection_factory_impl.cc(483)] ConnectionHandler failed with net error: -2
Oct 09, 2024 14:13:32.84 [14876:18212:1009/141332.843:ERROR:connection_factory_impl.cc(434)] Failed to connect to MCS endpoint with error -105
Oct 09, 2024 14:13:50.05 [14876:18212:1009/141350.058:ERROR:connection_factory_impl.cc(434)] Failed to connect to MCS endpoint with error -105

Oct 12, 2024 23:28:18.25 NEW SESSION
Oct 12, 2024 23:28:18.25 [18184:1212:1012/232818.251:ERROR:registration_request.cc(274)] Registration URL fetching failed.
Oct 12, 2024 23:28:18.36 Created TensorFlow Lite XNNPACK delegate for CPU.
Oct 12, 2024 23:28:18.37 Attempting to use a delegate that only supports static-sized tensors with a graph that has dynamic-sized tensors (tensor#141 is a dynamic-sized tensor).
Oct 12, 2024 23:28:43.13 [18184:1212:1012/232843.135:ERROR:registration_request.cc(274)] Registration URL fetching failed.
Oct 12, 2024 23:29:40.66 [18184:1212:1012/232940.664:ERROR:registration_request.cc(274)] Registration URL fetching failed.
Oct 12, 2024 23:31:33.56 [18184:1212:1012/233133.568:ERROR:registration_request.cc(274)] Registration URL fetching failed.
Oct 12, 2024 23:34:23.25 [18184:1212:1012/233423.259:ERROR:registration_request.cc(274)] Registration URL fetching failed.

Oct 17, 2024 14:04:46.36 NEW SESSION
Oct 17, 2024 14:04:46.36 [17816:9160:1017/140446.358:ERROR:registration_request.cc(291)] Registration response error message: DEPRECATED_ENDPOINT
Oct 17, 2024 14:04:48.25 Created TensorFlow Lite XNNPACK delegate for CPU.
Oct 17, 2024 14:04:48.30 Attempting to use a delegate that only supports static-sized tensors with a graph that has dynamic-sized tensors (tensor#141 is a dynamic-sized tensor).
Oct 17, 2024 14:05:07.62 [17816:9160:1017/140507.619:ERROR:registration_request.cc(291)] Registration response error message: DEPRECATED_ENDPOINT
Oct 17, 2024 14:06:03.32 [17816:9160:1017/140603.327:ERROR:registration_request.cc(291)] Registration response error message: DEPRECATED_ENDPOINT
Oct 17, 2024 14:07:31.51 [17816:9160:1017/140731.514:ERROR:registration_request.cc(291)] Registration response error message: DEPRECATED_ENDPOINT
Oct 17, 2024 14:11:04.58 [17816:9160:1017/141104.587:ERROR:registration_request.cc(291)] Registration response error message: DEPRECATED_ENDPOINT
Oct 17, 2024 14:18:23.44 [17816:9160:1017/141823.440:ERROR:registration_request.cc(291)] Registration response error message: DEPRECATED_ENDPOINT
Oct 17, 2024 14:29:04.22 [17816:9160:1017/142904.219:ERROR:connection_factory_impl.cc(483)] ConnectionHandler failed with net error: -2
Oct 18, 2024 14:08:59.17 [17816:9160:1018/140859.170:ERROR:connection_factory_impl.cc(483)] ConnectionHandler failed with net error: -2
Oct 18, 2024 14:09:03.75 [17816:9160:1018/140903.751:ERROR:connection_factory_impl.cc(434)] Failed to connect to MCS endpoint with error -105
Oct 18, 2024 14:09:03.75 [17816:13368:1018/140903.755:ERROR:get_updates_processor.cc(265)] PostClientToServerMessage() failed during GetUpdates with error Network error (ERR_NAME_NOT_RESOLVED)
Oct 18, 2024 14:09:16.72 [17816:9160:1018/140916.724:ERROR:registration_request.cc(291)] Registration response error message: DEPRECATED_ENDPOINT
Oct 18, 2024 14:09:46.48 [17816:9160:1018/140946.480:ERROR:registration_request.cc(291)] Registration response error message: DEPRECATED_ENDPOINT
Oct 18, 2024 14:10:31.70 [17816:9160:1018/141031.702:ERROR:registration_request.cc(291)] Registration response error message: DEPRECATED_ENDPOINT
Oct 18, 2024 14:12:22.90 [17816:9160:1018/141222.907:ERROR:registration_request.cc(291)] Registration response error message: DEPRECATED_ENDPOINT
Oct 18, 2024 14:16:55.63 [17816:9160:1018/141655.634:ERROR:connection_factory_impl.cc(483)] ConnectionHandler failed with net error: -2
Oct 18, 2024 14:16:57.07 [17816:9160:1018/141657.078:ERROR:registration_request.cc(291)] Registration response error message: DEPRECATED_ENDPOINT
Oct 18, 2024 14:24:50.72 [17816:9160:1018/142450.721:ERROR:registration_request.cc(291)] Registration response error message: DEPRECATED_ENDPOINT
Oct 18, 2024 14:27:57.29 [17816:9160:1018/142757.295:ERROR:connection_factory_impl.cc(483)] ConnectionHandler failed with net error: -2
Oct 18, 2024 14:44:27.32 [17816:9160:1018/144427.320:ERROR:connection_factory_impl.cc(483)] ConnectionHandler failed with net error: -2
Oct 18, 2024 14:48:27.31 [17816:9160:1018/144827.312:ERROR:connection_factory_impl.cc(483)] ConnectionHandler failed with net error: -2

Oct 18, 2024 15:01:33.12 NEW SESSION
Oct 18, 2024 15:01:33.12 [16880:4944:1018/150133.125:ERROR:registration_request.cc(291)] Registration response error message: DEPRECATED_ENDPOINT
Oct 18, 2024 15:01:33.81 Created TensorFlow Lite XNNPACK delegate for CPU.
Oct 18, 2024 15:01:33.81 Attempting to use a delegate that only supports static-sized tensors with a graph that has dynamic-sized tensors (tensor#141 is a dynamic-sized tensor).
Oct 18, 2024 15:01:53.49 [16880:4944:1018/150153.491:ERROR:registration_request.cc(291)] Registration response error message: DEPRECATED_ENDPOINT
Oct 18, 2024 15:02:35.02 [16880:4944:1018/150235.021:ERROR:registration_request.cc(291)] Registration response error message: DEPRECATED_ENDPOINT
Oct 18, 2024 15:04:19.21 [16880:4944:1018/150419.210:ERROR:registration_request.cc(291)] Registration response error message: DEPRECATED_ENDPOINT
Oct 18, 2024 15:07:15.62 [16880:4944:1018/150715.628:ERROR:registration_request.cc(291)] Registration response error message: DEPRECATED_ENDPOINT
Oct 18, 2024 15:14:08.86 [16880:4944:1018/151408.862:ERROR:registration_request.cc(291)] Registration response error message: DEPRECATED_ENDPOINT

Oct 19, 2024 13:46:03.16 NEW SESSION
Oct 19, 2024 13:46:03.16 [17516:15440:1019/134603.166:ERROR:registration_request.cc(291)] Registration response error message: DEPRECATED_ENDPOINT
Oct 19, 2024 13:46:04.34 Created TensorFlow Lite XNNPACK delegate for CPU.
Oct 19, 2024 13:46:04.35 Attempting to use a delegate that only supports static-sized tensors with a graph that has dynamic-sized tensors (tensor#141 is a dynamic-sized tensor).
Oct 19, 2024 13:46:27.00 [17516:15440:1019/134627.006:ERROR:registration_request.cc(291)] Registration response error message: DEPRECATED_ENDPOINT
Oct 19, 2024 13:47:23.37 [17516:15440:1019/134723.369:ERROR:registration_request.cc(291)] Registration response error message: DEPRECATED_ENDPOINT
Oct 19, 2024 13:48:49.98 [17516:15440:1019/134849.988:ERROR:registration_request.cc(291)] Registration response error message: DEPRECATED_ENDPOINT
Oct 19, 2024 13:51:33.85 [17516:15440:1019/135133.851:ERROR:connection_factory_impl.cc(483)] ConnectionHandler failed with net error: -2
Oct 19, 2024 14:04:21.06 [17516:15440:1019/140421.061:ERROR:registration_request.cc(291)] Registration response error message: DEPRECATED_ENDPOINT
Oct 19, 2024 14:04:49.91 [17516:15440:1019/140449.911:ERROR:connection_factory_impl.cc(434)] Failed to connect to MCS endpoint with error -7
Oct 19, 2024 14:08:22.68 [17516:15440:1019/140822.685:ERROR:connection_factory_impl.cc(483)] ConnectionHandler failed with net error: -2
Oct 19, 2024 14:26:41.48 [17516:15440:1019/142641.482:ERROR:registration_request.cc(291)] Registration response error message: DEPRECATED_ENDPOINT
Oct 19, 2024 14:30:38.86 [17516:15440:1019/143038.861:ERROR:connection_factory_impl.cc(483)] ConnectionHandler failed with net error: -2

Oct 22, 2024 13:48:45.17 NEW SESSION
Oct 22, 2024 13:48:45.17 [18936:12348:1022/134845.169:ERROR:registration_request.cc(291)] Registration response error message: DEPRECATED_ENDPOINT
Oct 22, 2024 13:48:45.21 Created TensorFlow Lite XNNPACK delegate for CPU.
Oct 22, 2024 13:48:45.22 Attempting to use a delegate that only supports static-sized tensors with a graph that has dynamic-sized tensors (tensor#141 is a dynamic-sized tensor).
Oct 22, 2024 13:49:12.04 [18936:12348:1022/134912.041:ERROR:registration_request.cc(291)] Registration response error message: DEPRECATED_ENDPOINT
Oct 22, 2024 13:49:58.21 [18936:12348:1022/134958.211:ERROR:registration_request.cc(291)] Registration response error message: DEPRECATED_ENDPOINT
Oct 22, 2024 13:51:54.63 [18936:12348:1022/135154.634:ERROR:registration_request.cc(291)] Registration response error message: DEPRECATED_ENDPOINT
Oct 22, 2024 13:54:44.06 [18936:12348:1022/135444.069:ERROR:registration_request.cc(291)] Registration response error message: DEPRECATED_ENDPOINT
Oct 22, 2024 14:01:29.25 [18936:12348:1022/140129.254:ERROR:registration_request.cc(291)] Registration response error message: DEPRECATED_ENDPOINT
Oct 22, 2024 14:39:55.44 [18936:12348:1022/143955.442:ERROR:connection_factory_impl.cc(483)] ConnectionHandler failed with net error: -2
Oct 22, 2024 14:44:57.11 [18936:12348:1022/144457.116:ERROR:cast_socket.cc(332)] [192.168.1.105:8009, auth=SSL_VERIFIED] CANCELLED - Aborting DoConnectLoop.
Oct 22, 2024 14:55:51.24 [18936:12348:1022/145551.247:ERROR:connection_factory_impl.cc(483)] ConnectionHandler failed with net error: -2

Oct 23, 2024 13:55:52.79 NEW SESSION
Oct 23, 2024 13:55:52.79 [11440:2300:1023/135552.794:ERROR:registration_request.cc(291)] Registration response error message: DEPRECATED_ENDPOINT
Oct 23, 2024 13:55:53.56 Created TensorFlow Lite XNNPACK delegate for CPU.
Oct 23, 2024 13:55:53.57 Attempting to use a delegate that only supports static-sized tensors with a graph that has dynamic-sized tensors (tensor#141 is a dynamic-sized tensor).
Oct 23, 2024 13:56:20.81 [11440:2300:1023/135620.814:ERROR:registration_request.cc(291)] Registration response error message: DEPRECATED_ENDPOINT
Oct 23, 2024 13:57:02.13 [11440:2300:1023/135702.132:ERROR:registration_request.cc(291)] Registration response error message: DEPRECATED_ENDPOINT
Oct 23, 2024 13:58:48.71 [11440:2300:1023/135848.710:ERROR:registration_request.cc(291)] Registration response error message: DEPRECATED_ENDPOINT
Oct 23, 2024 14:02:11.28 [11440:2300:1023/140211.286:ERROR:registration_request.cc(291)] Registration response error message: DEPRECATED_ENDPOINT
Oct 23, 2024 14:04:18.13 [11440:2300:1023/140418.131:ERROR:connection_factory_impl.cc(483)] ConnectionHandler failed with net error: -2
Oct 23, 2024 14:09:13.91 [11440:2300:1023/140913.913:ERROR:connection_factory_impl.cc(434)] Failed to connect to MCS endpoint with error -105
Oct 23, 2024 14:09:17.74 [11440:2300:1023/140917.746:ERROR:registration_request.cc(291)] Registration response error message: DEPRECATED_ENDPOINT
Oct 23, 2024 14:52:46.87 [11440:2300:1023/145246.870:ERROR:connection_factory_impl.cc(483)] ConnectionHandler failed with net error: -2
Oct 23, 2024 14:54:03.09 [11440:2300:1023/145403.099:ERROR:connection_factory_impl.cc(434)] Failed to connect to MCS endpoint with error -109
Oct 23, 2024 15:03:03.45 [11440:2300:1023/150303.453:ERROR:connection_factory_impl.cc(483)] ConnectionHandler failed with net error: -2

Oct 24, 2024 14:00:30.54 NEW SESSION
Oct 24, 2024 14:00:30.54 [15312:15760:1024/140030.542:ERROR:registration_request.cc(291)] Registration response error message: DEPRECATED_ENDPOINT
Oct 24, 2024 14:00:30.75 Created TensorFlow Lite XNNPACK delegate for CPU.
Oct 24, 2024 14:00:30.76 Attempting to use a delegate that only supports static-sized tensors with a graph that has dynamic-sized tensors (tensor#141 is a dynamic-sized tensor).
Oct 24, 2024 14:00:53.51 [15312:15760:1024/140053.513:ERROR:registration_request.cc(291)] Registration response error message: DEPRECATED_ENDPOINT
Oct 24, 2024 14:01:47.07 [15312:15760:1024/140147.078:ERROR:registration_request.cc(291)] Registration response error message: DEPRECATED_ENDPOINT
Oct 24, 2024 14:03:26.83 [15312:15760:1024/140326.830:ERROR:registration_request.cc(291)] Registration response error message: DEPRECATED_ENDPOINT
Oct 24, 2024 14:06:24.04 [15312:15760:1024/140624.041:ERROR:registration_request.cc(291)] Registration response error message: DEPRECATED_ENDPOINT
Oct 24, 2024 14:08:31.39 [15312:15760:1024/140831.390:ERROR:connection_factory_impl.cc(483)] ConnectionHandler failed with net error: -2
Oct 24, 2024 14:13:19.66 [15312:15760:1024/141319.668:ERROR:registration_request.cc(291)] Registration response error message: DEPRECATED_ENDPOINT
Oct 24, 2024 14:46:31.23 [15312:15760:1024/144631.232:ERROR:connection_factory_impl.cc(483)] ConnectionHandler failed with net error: -2
Oct 24, 2024 14:49:23.91 [15312:15760:1024/144923.914:ERROR:connection_factory_impl.cc(434)] Failed to connect to MCS endpoint with error -109

Nov 13, 2024 14:29:56.85 NEW SESSION
Nov 13, 2024 14:29:56.85 [10980:6612:1113/142956.848:ERROR:registration_request.cc(291)] Registration response error message: DEPRECATED_ENDPOINT
Nov 13, 2024 14:30:01.08 Created TensorFlow Lite XNNPACK delegate for CPU.
Nov 13, 2024 14:30:12.64 Attempting to use a delegate that only supports static-sized tensors with a graph that has dynamic-sized tensors (tensor#141 is a dynamic-sized tensor).
Nov 13, 2024 14:30:19.93 [10980:6612:1113/143019.937:ERROR:registration_request.cc(291)] Registration response error message: DEPRECATED_ENDPOINT
Nov 13, 2024 14:31:04.68 [10980:6612:1113/143104.688:ERROR:registration_request.cc(291)] Registration response error message: DEPRECATED_ENDPOINT
Nov 13, 2024 14:32:37.09 [10980:6612:1113/143237.096:ERROR:registration_request.cc(291)] Registration response error message: DEPRECATED_ENDPOINT
Nov 13, 2024 14:35:21.25 [10980:6612:1113/143521.259:ERROR:registration_request.cc(291)] Registration response error message: DEPRECATED_ENDPOINT
Nov 13, 2024 14:41:24.66 [10980:6612:1113/144124.660:ERROR:registration_request.cc(291)] Registration response error message: DEPRECATED_ENDPOINT
Nov 13, 2024 15:57:03.11 [10980:6612:1113/155703.109:ERROR:connection_factory_impl.cc(483)] ConnectionHandler failed with net error: -2
Nov 14, 2024 12:58:30.20 [10980:6612:1114/125830.200:ERROR:connection_factory_impl.cc(434)] Failed to connect to MCS endpoint with error -109
Nov 14, 2024 12:58:30.40 [10980:4460:1114/125830.404:ERROR:get_updates_processor.cc(267)] PostClientToServerMessage() failed during GetUpdates with error Network error (ERR_NAME_NOT_RESOLVED)

Nov 14, 2024 15:12:28.77 NEW SESSION
Nov 14, 2024 15:12:28.77 [15740:8556:1114/151228.771:ERROR:connection_factory_impl.cc(434)] Failed to connect to MCS endpoint with error -105
Nov 14, 2024 15:12:28.77 [15740:8556:1114/151228.772:ERROR:registration_request.cc(274)] Registration URL fetching failed.
Nov 14, 2024 15:12:30.26 Created TensorFlow Lite XNNPACK delegate for CPU.
Nov 14, 2024 15:12:30.29 Attempting to use a delegate that only supports static-sized tensors with a graph that has dynamic-sized tensors (tensor#141 is a dynamic-sized tensor).
Nov 14, 2024 15:12:54.59 [15740:8556:1114/151254.594:ERROR:registration_request.cc(274)] Registration URL fetching failed.
Nov 14, 2024 15:12:57.68 [15740:8556:1114/151257.689:ERROR:connection_factory_impl.cc(434)] Failed to connect to MCS endpoint with error -105
Nov 14, 2024 15:13:00.16 [15740:5904:1114/151300.161:ERROR:account_info_fetcher.cc(62)] OnGetTokenFailure: Connection failed (-105).
Nov 14, 2024 15:13:48.87 [15740:8556:1114/151348.870:ERROR:connection_factory_impl.cc(434)] Failed to connect to MCS endpoint with error -105
Nov 14, 2024 15:13:53.38 [15740:8556:1114/151353.384:ERROR:registration_request.cc(274)] Registration URL fetching failed.
Nov 14, 2024 15:15:31.74 [15740:8556:1114/151531.744:ERROR:registration_request.cc(274)] Registration URL fetching failed.
Nov 14, 2024 15:15:34.53 [15740:8556:1114/151534.531:ERROR:connection_factory_impl.cc(434)] Failed to connect to MCS endpoint with error -105
Nov 14, 2024 15:18:37.52 [15740:8556:1114/151837.525:ERROR:connection_factory_impl.cc(434)] Failed to connect to MCS endpoint with error -105
Nov 14, 2024 15:19:11.51 [15740:8556:1114/151911.511:ERROR:registration_request.cc(274)] Registration URL fetching failed.
Nov 14, 2024 15:25:06.83 [15740:8556:1114/152506.834:ERROR:connection_factory_impl.cc(434)] Failed to connect to MCS endpoint with error -105
Nov 14, 2024 15:26:32.19 [15740:8556:1114/152632.195:ERROR:registration_request.cc(291)] Registration response error message: DEPRECATED_ENDPOINT
Nov 14, 2024 16:08:16.72 [15740:8556:1114/160816.721:ERROR:connection_factory_impl.cc(434)] Failed to connect to MCS endpoint with error -105
Nov 14, 2024 16:08:16.75 [15740:8556:1114/160816.753:ERROR:connection_factory_impl.cc(434)] Failed to connect to MCS endpoint with error -105
Nov 14, 2024 16:08:30.64 [15740:8556:1114/160830.641:ERROR:connection_factory_impl.cc(434)] Failed to connect to MCS endpoint with error -105
Nov 14, 2024 16:08:37.93 [15740:8556:1114/160837.935:ERROR:connection_factory_impl.cc(434)] Failed to connect to MCS endpoint with error -105
Nov 14, 2024 16:08:47.66 [15740:8556:1114/160847.668:ERROR:connection_factory_impl.cc(434)] Failed to connect to MCS endpoint with error -105
Nov 14, 2024 16:08:58.04 [15740:5904:1114/160858.041:ERROR:device_event_log_impl.cc(201)] [16:08:58.023] USB: usb_service_win.cc:105 SetupDiGetDeviceProperty({{A45C254E-DF1C-4EFD-8020-67D146A850E0}, 6}) failed: Element not found. (0x490)
Nov 14, 2024 16:13:18.13 [15740:8556:1114/161318.132:ERROR:connection_factory_impl.cc(434)] Failed to connect to MCS endpoint with error -105
Nov 14, 2024 16:13:21.18 [15740:8556:1114/161321.188:ERROR:connection_factory_impl.cc(434)] Failed to connect to MCS endpoint with error -105
Nov 14, 2024 16:46:46.26 [15740:8556:1114/164646.266:ERROR:connection_factory_impl.cc(483)] ConnectionHandler failed with net error: -2
Nov 14, 2024 16:47:38.57 [15740:8556:1114/164738.579:ERROR:connection_factory_impl.cc(434)] Failed to connect to MCS endpoint with error -109
Nov 14, 2024 16:52:22.44 [15740:8556:1114/165222.448:ERROR:connection_factory_impl.cc(483)] ConnectionHandler failed with net error: -2
Nov 14, 2024 17:34:48.14 [15740:8556:1114/173448.138:ERROR:connection_factory_impl.cc(483)] ConnectionHandler failed with net error: -2
Nov 14, 2024 18:16:16.24 [15740:8556:1114/181616.237:ERROR:connection_factory_impl.cc(483)] ConnectionHandler failed with net error: -2
Nov 14, 2024 18:30:46.20 [15740:8556:1114/183046.199:ERROR:connection_factory_impl.cc(483)] ConnectionHandler failed with net error: -2
Nov 14, 2024 18:34:51.90 [15740:8556:1114/183451.902:ERROR:connection_factory_impl.cc(434)] Failed to connect to MCS endpoint with error -7
Nov 14, 2024 18:35:33.82 [15740:8556:1114/183533.824:ERROR:connection_factory_impl.cc(434)] Failed to connect to MCS endpoint with error -118
Nov 14, 2024 18:36:54.72 [15740:8556:1114/183654.721:ERROR:connection_factory_impl.cc(434)] Failed to connect to MCS endpoint with error -118
Nov 14, 2024 18:38:49.93 [15740:8556:1114/183849.936:ERROR:connection_factory_impl.cc(434)] Failed to connect to MCS endpoint with error -118
Nov 14, 2024 18:48:29.72 [5944:4592:1114/184829.729:ERROR:registration_request.cc(291)] Registration response error message: DEPRECATED_ENDPOINT
Nov 14, 2024 18:48:30.55 Created TensorFlow Lite XNNPACK delegate for CPU.
Nov 14, 2024 18:48:30.56 Attempting to use a delegate that only supports static-sized tensors with a graph that has dynamic-sized tensors (tensor#141 is a dynamic-sized tensor).
Nov 14, 2024 18:48:56.58 [5944:4592:1114/184856.588:ERROR:registration_request.cc(291)] Registration response error message: DEPRECATED_ENDPOINT
Nov 14, 2024 18:49:44.59 [5944:4592:1114/184944.593:ERROR:registration_request.cc(291)] Registration response error message: DEPRECATED_ENDPOINT
Nov 14, 2024 18:51:15.94 [5944:4592:1114/185115.938:ERROR:registration_request.cc(291)] Registration response error message: DEPRECATED_ENDPOINT
Nov 14, 2024 18:54:27.24 [5944:4592:1114/185427.245:ERROR:registration_request.cc(291)] Registration response error message: DEPRECATED_ENDPOINT
Nov 14, 2024 18:55:25.21 [5944:1180:1114/185525.212:ERROR:interface_endpoint_client.cc(725)] Message 1 rejected by interface blink.mojom.WidgetHost
Nov 14, 2024 18:56:02.44 [5944:1180:1114/185602.448:ERROR:interface_endpoint_client.cc(725)] Message 1 rejected by interface blink.mojom.WidgetHost
Nov 14, 2024 19:00:14.61 [5944:4592:1114/190014.618:ERROR:registration_request.cc(291)] Registration response error message: DEPRECATED_ENDPOINT
